0 info it worked if it ends with ok
1 verbose cli [ 'C:\\Program Files\\nodejs\\node.exe',
1 verbose cli   'C:\\Program Files\\nodejs\\node_modules\\npm\\bin\\npm-cli.js',
1 verbose cli   'run',
1 verbose cli   'lite' ]
2 info using npm@4.1.2
3 info using node@v7.7.0
4 verbose run-script [ 'prelite', 'lite', 'postlite' ]
5 info lifecycle angular2-tour-of-heroes@0.1.0~prelite: angular2-tour-of-heroes@0.1.0
6 silly lifecycle angular2-tour-of-heroes@0.1.0~prelite: no script for prelite, continuing
7 info lifecycle angular2-tour-of-heroes@0.1.0~lite: angular2-tour-of-heroes@0.1.0
8 verbose lifecycle angular2-tour-of-heroes@0.1.0~lite: unsafe-perm in lifecycle true
9 verbose lifecycle angular2-tour-of-heroes@0.1.0~lite: PATH: C:\Program Files\nodejs\node_modules\npm\bin\node-gyp-bin;M:\zipilid\trainologic\angular-exam\zipi-angular\node_modules\.bin;C:\Program Files\nodejs\node_modules\npm\bin\node-gyp-bin;M:\zipilid\trainologic\angular-exam\zipi-angular\node_modules\.bin;C:\ProgramData\Oracle\Java\javapath;C:\Program Files (x86)\Intel\iCLS Client\;C:\Program Files\Intel\iCLS Client\;C:\Program Files\Common Files\Microsoft Shared\Windows Live;C:\Program Files (x86)\Common Files\Microsoft Shared\Windows Live;C:\Windows\system32;C:\Windows;C:\Windows\System32\Wbem;C:\Windows\System32\WindowsPowerShell\v1.0\;C:\Program Files (x86)\Microsoft SQL Server\100\Tools\Binn\VSShell\Common7\IDE\;C:\Program Files (x86)\Microsoft SQL Server\100\Tools\Binn\;C:\Program Files\Microsoft SQL Server\100\Tools\Binn\;C:\Program Files (x86)\Microsoft SQL Server\100\DTS\Binn\;C:\Program Files\Microsoft SQL Server\100\DTS\Binn\;C:\Program Files\Intel\DMIX;C:\Program Files (x86)\Windows Live\Shared;C:\Program Files\Microsoft\Web Platform Installer\;C:\Program Files (x86)\Microsoft ASP.NET\ASP.NET Web Pages\v1.0\;C:\Program Files (x86)\Windows Kits\8.0\Windows Performance Toolkit\;C:\Program Files\Microsoft SQL Server\110\Tools\Binn\;C:\Program Files\Intel\Intel(R) Management Engine Components\DAL;C:\Program Files\Intel\Intel(R) Management Engine Components\IPT;C:\Program Files (x86)\Intel\Intel(R) Management Engine Components\DAL;C:\Program Files (x86)\Intel\Intel(R) Management Engine Components\IPT;C:\WINDOWS\system32;C:\WINDOWS;C:\Users\chanig\AppData\Local\GitHub\PortableGit_624c8416ee51e205b3f892d1d904e06e6f3c57c8\cmd;C:\Users\chanig\installs\Git\cmd;C:\Program Files (x86)\Heroku\bin;C:\Program Files (x86)\git\cmd;C:\Program Files (x86)\Git\cmd;C:\Python27;C:\Python27\Scripts;%USERPROFILE%\AppData\Roaming\Python\Scripts;C:\Program Files\nodejs\;C:\Users\chanig\AppData\Roaming\npm
10 verbose lifecycle angular2-tour-of-heroes@0.1.0~lite: CWD: M:\zipilid\trainologic\angular-exam\zipi-angular
11 silly lifecycle angular2-tour-of-heroes@0.1.0~lite: Args: [ '/d /s /c', 'lite-server' ]
12 silly lifecycle angular2-tour-of-heroes@0.1.0~lite: Returned: code: 1  signal: null
13 info lifecycle angular2-tour-of-heroes@0.1.0~lite: Failed to exec lite script
14 verbose stack Error: angular2-tour-of-heroes@0.1.0 lite: `lite-server`
14 verbose stack Exit status 1
14 verbose stack     at EventEmitter.<anonymous> (C:\Program Files\nodejs\node_modules\npm\lib\utils\lifecycle.js:279:16)
14 verbose stack     at emitTwo (events.js:106:13)
14 verbose stack     at EventEmitter.emit (events.js:194:7)
14 verbose stack     at ChildProcess.<anonymous> (C:\Program Files\nodejs\node_modules\npm\lib\utils\spawn.js:40:14)
14 verbose stack     at emitTwo (events.js:106:13)
14 verbose stack     at ChildProcess.emit (events.js:194:7)
14 verbose stack     at maybeClose (internal/child_process.js:899:16)
14 verbose stack     at Process.ChildProcess._handle.onexit (internal/child_process.js:226:5)
15 verbose pkgid angular2-tour-of-heroes@0.1.0
16 verbose cwd M:\zipilid\trainologic\angular-exam\zipi-angular
17 error Windows_NT 6.1.7601
18 error argv "C:\\Program Files\\nodejs\\node.exe" "C:\\Program Files\\nodejs\\node_modules\\npm\\bin\\npm-cli.js" "run" "lite"
19 error node v7.7.0
20 error npm  v4.1.2
21 error code ELIFECYCLE
22 error angular2-tour-of-heroes@0.1.0 lite: `lite-server`
22 error Exit status 1
23 error Failed at the angular2-tour-of-heroes@0.1.0 lite script 'lite-server'.
23 error Make sure you have the latest version of node.js and npm installed.
23 error If you do, this is most likely a problem with the angular2-tour-of-heroes package,
23 error not with npm itself.
23 error Tell the author that this fails on your system:
23 error     lite-server
23 error You can get information on how to open an issue for this project with:
23 error     npm bugs angular2-tour-of-heroes
23 error Or if that isn't available, you can get their info via:
23 error     npm owner ls angular2-tour-of-heroes
23 error There is likely additional logging output above.
24 verbose exit [ 1, true ]
